<testsuite failures="1" name="CA/Features/E2E/DplayNorwayWithModular.feature" skipped="0" tests="1" time="3.829693">
  <testcase classname="CA.Features.E2E.DplayNorwayWithModular" name="Sample Scenario" time="3.829693">
    <failure message="-unknown-:8 - &#10;Dynamodb.feature:54 - javascript evaluation failed: temp == Param_ExpectedItemCount, ReferenceError: &quot;Param_ExpectedItemCount&quot; is not defined in &lt;eval&gt; at line number 1">* def result = call read('classpath:CA/Features/ReUsable/Dynamodb.feature@ItemCount') {Param_TableName: 'CA_WOCHIT_MAPPING_EU-qa',Param_PrimaryKey: 'ID'} . failed

Stack Trace:
com.intuit.karate.exception.KarateException: -unknown-:8 - 
Dynamodb.feature:54 - javascript evaluation failed: temp == Param_ExpectedItemCount, ReferenceError: "Param_ExpectedItemCount" is not defined in &lt;eval&gt; at line number 1
	at âœ½.* def result = call read('classpath:CA/Features/ReUsable/Dynamodb.feature@ItemCount') {Param_TableName: 'CA_WOCHIT_MAPPING_EU-qa',Param_PrimaryKey: 'ID'} (-unknown-:8)

* def result = call read('classpath:CA/Features/ReUsable/Dynamodb.feature@ItemCount') {Param_TableName: 'CA_WOCHIT_RENDITIONS_EU-qa',Param_PrimaryKey: 'ID'} . skipped
* print '-----------Sample Scenario-----------' ........................... skipped</failure>
  </testcase>
</testsuite>
