<?xml version="1.0" encoding="UTF-8" ?>
<testsuite tests="1" failures="1" name="CA.TestRunner" time="5.182" errors="0" skipped="0">
  <properties>
[...]
</properties>
  <testcase classname="CA.TestRunner" name="testParallel" time="5.182">
    <failure message="failed features:
CA.Features.E2E.DplayNorwayWithModular: -unknown-:8 - 
Dynamodb.feature:54 - javascript evaluation failed: temp == Param_ExpectedItemCount, ReferenceError: &quot;Param_ExpectedItemCount&quot; is not defined in &lt;eval&gt; at line number 1
" type="java.lang.AssertionError">java.lang.AssertionError: failed features:
CA.Features.E2E.DplayNorwayWithModular: -unknown-:8 - 
Dynamodb.feature:54 - javascript evaluation failed: temp == Param_ExpectedItemCount, ReferenceError: &quot;Param_ExpectedItemCount&quot; is not defined in &lt;eval&gt; at line number 1
	at org.testng.AssertJUnit.fail(AssertJUnit.java:47)
	at org.testng.AssertJUnit.assertTrue(AssertJUnit.java:20)
	at CA.TestRunner.testParallel(TestRunner.java:37)
</failure>
    <system-out>Configuring TestNG with: org.apache.maven.surefire.testng.conf.TestNG652Configurator@71f2a7d5
12:29:23.184 [main] INFO  com.intuit.karate.RunnerOptions - found system property &apos;karate.options&apos;: -t @Sample
12:29:23.699 [main] INFO  com.intuit.karate.Runner - waiting for parallel features to complete ...
12:29:23.811 [ForkJoinPool-1-worker-3] INFO  com.intuit.karate - {
  &quot;Auth_Token&quot;: &quot;eyJhbGciOiJIUzI1NiIsImlhdCI6MTU4NjA5NjczOCwiZXhwIjoxOTAxNTU2NzM4fQ.eyJpZCI6IjUyNGFjZTU2LTc3NDktMTFlYS04ZmI4LTBhNTgwYTNjMTBmOSJ9.ixPYfczc55WD0Qzzg4-CcL_ILm89HtXxGBHuZZh0U7U&quot;,
  &quot;App_ID&quot;: &quot;511aba46-7749-11ea-b4d1-0a580a3ebcc5&quot;,
  &quot;UpdateSeasonURL&quot;: &quot;https://app.iconik.io/API/metadata/v1/collections/b78432bc-e03f-11ea-a22d-0a580a3c35aa/views/4cf68d80-890c-11ea-bdcd-0a580a3c35b3/&quot;,
  &quot;UpdateEpisodeURL&quot;: &quot;https://app.iconik.io/API/metadata/v1/assets/d03eedd4-e345-11ea-9814-0a580a3f06a0/views/6be501e6-890b-11ea-958b-0a580a3c10cd/&quot;,
  &quot;TriggerRenditionURL&quot;: &quot;https://qa.creatives.dplayautomation.com/caadapter/media/inbound&quot;
}
 
12:29:23.881 [ForkJoinPool-1-worker-3] INFO  com.intuit.karate - scenario called at line: 40 by tag: @ItemCount
12:29:23.893 [ForkJoinPool-1-worker-3] INFO  com.intuit.karate - [print] -------------------Dynamo DB Feature and Item Count-------------
-----------Item Count Name---------6
12:29:27.667 [ForkJoinPool-1-worker-3] INFO  com.intuit.karate - [print] ----------------Actual Item Count------------6
12:29:27.677 [ForkJoinPool-1-worker-3] INFO  com.intuit.karate - [print]
12:29:27.683 [ForkJoinPool-1-worker-3] ERROR com.intuit.karate - feature call failed: classpath:CA/Features/ReUsable/Dynamodb.feature
arg: {&quot;Param_TableName&quot;:&quot;CA_WOCHIT_MAPPING_EU-qa&quot;,&quot;Param_PrimaryKey&quot;:&quot;ID&quot;}
Dynamodb.feature:54 - javascript evaluation failed: temp == Param_ExpectedItemCount, ReferenceError: &quot;Param_ExpectedItemCount&quot; is not defined in &lt;eval&gt; at line number 1
12:29:27.758 [pool-1-thread-1] INFO  com.intuit.karate.Runner - &lt;&lt;fail&gt;&gt; feature 2 of 7: classpath:CA/Features/E2E/DplayNorwayWithModular.feature
---------------------------------------------------------
feature: classpath:CA/Features/E2E/DplayNorwayWithModular.feature
report: target/cucumber-html-reports/CA.Features.E2E.DplayNorwayWithModular.json
scenarios:  1 | passed:  0 | failed:  1 | time: 3.8297
---------------------------------------------------------
Karate version: 0.9.5
======================================================
elapsed:   4.53 | threads:    1 | thread time: 3.83 
features:     1 | ignored:    6 | efficiency: 0.85
scenarios:    1 | passed:     0 | failed: 1
======================================================
failed features:
CA.Features.E2E.DplayNorwayWithModular: -unknown-:8 - 
Dynamodb.feature:54 - javascript evaluation failed: temp == Param_ExpectedItemCount, ReferenceError: &quot;Param_ExpectedItemCount&quot; is not defined in &lt;eval&gt; at line number 1

</system-out>
    <system-err>Warning: Nashorn engine is planned to be removed from a future JDK release
Sep 02, 2020 12:29:27 PM net.masterthought.cucumber.ReportParser parseJsonFiles
INFO: File &apos;/Users/aseshadr/Desktop/Projects/CA/ca-apitests/CA-API-TestAutomation/target/cucumber-html-reports/CA.Features.E2E.DplayNorwayWithModular.json&apos; contains 1 features
</system-err>
  </testcase>
</testsuite>