<?xml version="1.0" encoding="UTF-8"?>
<testng-results ignored="0" total="1" passed="1" failed="0" skipped="0">
  <reporter-output>
  </reporter-output>
  <suite started-at="2020-08-27T12:14:50 IST" name="CIMBL.TestRunner" finished-at="2020-08-27T12:14:51 IST" duration-ms="778">
    <groups>
    </groups>
    <test started-at="2020-08-27T12:14:50 IST" name="Command line test" finished-at="2020-08-27T12:14:51 IST" duration-ms="778">
      <class name="CIMBL.TestRunner">
        <test-method signature="testParallel()[pri:0, instance:CIMBL.TestRunner@371a67ec]" started-at="2020-08-27T12:14:51 IST" name="testParallel" finished-at="2020-08-27T12:14:51 IST" duration-ms="759" status="PASS">
          <reporter-output>
          </reporter-output>
        </test-method> <!-- testParallel -->
      </class> <!-- CIMBL.TestRunner -->
    </test> <!-- Command line test -->
  </suite> <!-- CIMBL.TestRunner -->
</testng-results>
